[2026-07-03 19:43:52] INFO  [app] [0mPOST /api/auth/login [32m200[0m 909.986 ms - 330[0m | source="morgan"
[2026-07-03 19:43:53] INFO  [app] [0mGET /api/academic-years [32m200[0m 79.051 ms - 233[0m | source="morgan"
[2026-07-03 19:43:53] INFO  [app] [0mGET /api/dashboard?rangeDays=30 [32m200[0m 107.523 ms - 393[0m | source="morgan"
[2026-07-03 19:43:53] INFO  [app] [0mGET /api/teachers [32m200[0m 46.404 ms - 389[0m | source="morgan"
[2026-07-03 19:43:53] INFO  [app] [0mGET /api/classes [32m200[0m 63.070 ms - 900[0m | source="morgan"
[2026-07-03 19:43:53] INFO  [app] [0mGET /api/students [32m200[0m 56.374 ms - 957[0m | source="morgan"
[2026-07-03 19:43:53] INFO  [app] [0mGET /api/fees/invoices [32m200[0m 45.405 ms - 822[0m | source="morgan"
[2026-07-03 19:43:53] INFO  [app] [0mGET /api/exams [32m200[0m 41.188 ms - 2[0m | source="morgan"
[2026-07-03 19:43:53] INFO  [app] [0mGET /api/attendance [32m200[0m 41.562 ms - 2[0m | source="morgan"
[2026-07-03 19:43:53] INFO  [app] [0mGET /api/exams/results [32m200[0m 46.472 ms - 2[0m | source="morgan"
[2026-07-03 19:43:53] INFO  [app] [0mGET /api/payroll [32m200[0m 71.227 ms - 462[0m | source="morgan"
[2026-07-03 19:43:53] INFO  [app] [0mGET /api/timetable [32m200[0m 68.213 ms - 389[0m | source="morgan"
[2026-07-03 19:43:58] INFO  [app] [0mGET /api/academic-years [36m304[0m 31.549 ms - -[0m | source="morgan"
[2026-07-03 19:43:58] INFO  [app] [0mGET /api/teachers [36m304[0m 70.799 ms - -[0m | source="morgan"
[2026-07-03 19:43:58] INFO  [app] [0mGET /api/fees/invoices [36m304[0m 88.144 ms - -[0m | source="morgan"
[2026-07-03 19:43:58] INFO  [app] [0mGET /api/students [36m304[0m 95.564 ms - -[0m | source="morgan"
[2026-07-03 19:43:58] INFO  [app] [0mGET /api/classes [36m304[0m 121.416 ms - -[0m | source="morgan"
[2026-07-03 19:43:58] INFO  [app] [0mGET /api/payroll [36m304[0m 122.252 ms - -[0m | source="morgan"
[2026-07-03 19:43:58] INFO  [app] [0mGET /api/attendance [36m304[0m 61.066 ms - -[0m | source="morgan"
[2026-07-03 19:43:58] INFO  [app] [0mGET /api/exams [36m304[0m 50.572 ms - -[0m | source="morgan"
[2026-07-03 19:43:58] INFO  [app] [0mGET /api/exams/results [36m304[0m 51.584 ms - -[0m | source="morgan"
[2026-07-03 19:43:58] INFO  [app] [0mGET /api/timetable [36m304[0m 80.045 ms - -[0m | source="morgan"
[2026-07-03 19:43:58] INFO  [app] [0mGET /api/dashboard?rangeDays=7 [32m200[0m 170.375 ms - 392[0m | source="morgan"
[2026-07-03 19:51:16] INFO  [app] [0mGET /api/academic-years [36m304[0m 39.007 ms - -[0m | source="morgan"
[2026-07-03 19:51:16] INFO  [app] [0mGET /api/teachers [36m304[0m 44.778 ms - -[0m | source="morgan"
[2026-07-03 19:51:16] INFO  [app] [0mGET /api/classes [36m304[0m 79.221 ms - -[0m | source="morgan"
[2026-07-03 19:51:16] INFO  [app] [0mGET /api/timetable [36m304[0m 78.167 ms - -[0m | source="morgan"
[2026-07-03 19:51:16] INFO  [app] [0mGET /api/students [36m304[0m 97.363 ms - -[0m | source="morgan"
[2026-07-03 19:51:16] INFO  [app] [0mGET /api/dashboard?rangeDays=30 [36m304[0m 127.253 ms - -[0m | source="morgan"
[2026-07-03 19:51:16] INFO  [app] [0mGET /api/exams [36m304[0m 81.184 ms - -[0m | source="morgan"
[2026-07-03 19:51:16] INFO  [app] [0mGET /api/fees/invoices [36m304[0m 142.883 ms - -[0m | source="morgan"
[2026-07-03 19:51:16] INFO  [app] [0mGET /api/attendance [36m304[0m 115.986 ms - -[0m | source="morgan"
[2026-07-03 19:51:16] INFO  [app] [0mGET /api/payroll [36m304[0m 127.077 ms - -[0m | source="morgan"
[2026-07-03 19:51:16] INFO  [app] [0mGET /api/exams/results [36m304[0m 122.212 ms - -[0m | source="morgan"
[2026-07-03 19:54:14] INFO  [app] [0mGET /api/academic-years [36m304[0m 72.679 ms - -[0m | source="morgan"
[2026-07-03 19:54:14] INFO  [app] [0mGET /api/teachers [36m304[0m 84.676 ms - -[0m | source="morgan"
[2026-07-03 19:54:14] INFO  [app] [0mGET /api/dashboard?rangeDays=30 [36m304[0m 125.680 ms - -[0m | source="morgan"
[2026-07-03 19:54:14] INFO  [app] [0mGET /api/classes [36m304[0m 152.715 ms - -[0m | source="morgan"
[2026-07-03 19:54:14] INFO  [app] [0mGET /api/students [36m304[0m 151.233 ms - -[0m | source="morgan"
[2026-07-03 19:54:14] INFO  [app] [0mGET /api/fees/invoices [36m304[0m 178.806 ms - -[0m | source="morgan"
[2026-07-03 19:54:14] INFO  [app] [0mGET /api/payroll [36m304[0m 99.008 ms - -[0m | source="morgan"
[2026-07-03 19:54:14] INFO  [app] [0mGET /api/attendance [36m304[0m 74.728 ms - -[0m | source="morgan"
[2026-07-03 19:54:14] INFO  [app] [0mGET /api/exams [36m304[0m 41.130 ms - -[0m | source="morgan"
[2026-07-03 19:54:14] INFO  [app] [0mGET /api/timetable [36m304[0m 94.792 ms - -[0m | source="morgan"
[2026-07-03 19:54:14] INFO  [app] [0mGET /api/exams/results [36m304[0m 42.073 ms - -[0m | source="morgan"
[2026-07-03 19:55:34] INFO  [app] [0mGET /api/academic-years [36m304[0m 46.959 ms - -[0m | source="morgan"
[2026-07-03 19:55:34] INFO  [app] [0mGET /api/teachers [36m304[0m 58.781 ms - -[0m | source="morgan"
[2026-07-03 19:55:34] INFO  [app] [0mGET /api/dashboard?rangeDays=30 [36m304[0m 95.822 ms - -[0m | source="morgan"
[2026-07-03 19:55:34] INFO  [app] [0mGET /api/classes [36m304[0m 98.111 ms - -[0m | source="morgan"
[2026-07-03 19:55:34] INFO  [app] [0mGET /api/students [36m304[0m 106.886 ms - -[0m | source="morgan"
[2026-07-03 19:55:34] INFO  [app] [0mGET /api/attendance [36m304[0m 53.788 ms - -[0m | source="morgan"
[2026-07-03 19:55:34] INFO  [app] [0mGET /api/fees/invoices [36m304[0m 161.672 ms - -[0m | source="morgan"
[2026-07-03 19:55:34] INFO  [app] [0mGET /api/payroll [36m304[0m 92.230 ms - -[0m | source="morgan"
[2026-07-03 19:55:34] INFO  [app] [0mGET /api/exams [36m304[0m 57.488 ms - -[0m | source="morgan"
[2026-07-03 19:55:34] INFO  [app] [0mGET /api/auth/users [32m200[0m 60.939 ms - 248[0m | source="morgan"
[2026-07-03 19:55:34] INFO  [app] [0mGET /api/timetable [36m304[0m 85.885 ms - -[0m | source="morgan"
[2026-07-03 19:55:35] INFO  [app] [0mGET /api/exams/results [36m304[0m 51.219 ms - -[0m | source="morgan"
[2026-07-03 20:00:01] INFO  [app] [0mGET /api/teachers [36m304[0m 231.824 ms - -[0m | source="morgan"
[2026-07-03 20:00:02] INFO  [app] [0mGET /api/fees/invoices [36m304[0m 332.847 ms - -[0m | source="morgan"
[2026-07-03 20:00:02] INFO  [app] [0mGET /api/payroll [36m304[0m 279.412 ms - -[0m | source="morgan"
[2026-07-03 20:00:02] INFO  [app] [0mGET /api/students [36m304[0m 418.914 ms - -[0m | source="morgan"
[2026-07-03 20:00:02] INFO  [app] [0mGET /api/dashboard?rangeDays=30 [36m304[0m 302.237 ms - -[0m | source="morgan"
[2026-07-03 20:00:02] INFO  [app] [0mGET /api/classes [36m304[0m 432.404 ms - -[0m | source="morgan"
[2026-07-03 20:00:02] INFO  [app] [0mGET /api/attendance [36m304[0m 66.503 ms - -[0m | source="morgan"
[2026-07-03 20:00:02] INFO  [app] [0mGET /api/exams [36m304[0m 58.977 ms - -[0m | source="morgan"
[2026-07-03 20:00:02] INFO  [app] [0mGET /api/exams/results [36m304[0m 73.397 ms - -[0m | source="morgan"
[2026-07-03 20:00:02] INFO  [app] [0mGET /api/academic-years [36m304[0m 214.350 ms - -[0m | source="morgan"
[2026-07-03 20:00:02] INFO  [app] [0mGET /api/timetable [36m304[0m 244.142 ms - -[0m | source="morgan"
[2026-07-03 20:00:02] INFO  [app] [0mGET /api/auth/users [36m304[0m 234.317 ms - -[0m | source="morgan"
[2026-07-03 20:00:21] INFO  [app] [0mGET /api/students/6a46bf7ad9296200645c967f [36m304[0m 23.774 ms - -[0m | source="morgan"
[2026-07-03 20:02:41] INFO  [app] [0mPOST /api/auth/login [33m401[0m 10.692 ms - 39[0m | source="morgan"
[2026-07-03 20:02:47] INFO  [app] [0mPOST /api/auth/login [33m401[0m 8.322 ms - 39[0m | source="morgan"
[2026-07-03 20:03:05] INFO  [app] [0mPOST /api/auth/login [32m200[0m 889.199 ms - 330[0m | source="morgan"
[2026-07-03 20:03:05] INFO  [app] [0mGET /api/dashboard?rangeDays=30 [36m304[0m 26.695 ms - -[0m | source="morgan"
[2026-07-03 20:03:05] INFO  [app] [0mGET /api/academic-years [36m304[0m 10.704 ms - -[0m | source="morgan"
[2026-07-03 20:03:05] INFO  [app] [0mGET /api/classes [36m304[0m 25.784 ms - -[0m | source="morgan"
[2026-07-03 20:03:05] INFO  [app] [0mGET /api/teachers [36m304[0m 51.363 ms - -[0m | source="morgan"
[2026-07-03 20:03:05] INFO  [app] [0mGET /api/students [36m304[0m 27.263 ms - -[0m | source="morgan"
[2026-07-03 20:03:05] INFO  [app] [0mGET /api/fees/invoices [36m304[0m 41.863 ms - -[0m | source="morgan"
[2026-07-03 20:03:05] INFO  [app] [0mGET /api/payroll [36m304[0m 14.484 ms - -[0m | source="morgan"
[2026-07-03 20:03:05] INFO  [app] [0mGET /api/attendance [36m304[0m 44.138 ms - -[0m | source="morgan"
[2026-07-03 20:03:05] INFO  [app] [0mGET /api/exams [36m304[0m 46.207 ms - -[0m | source="morgan"
[2026-07-03 20:03:05] INFO  [app] [0mGET /api/exams/results [36m304[0m 55.399 ms - -[0m | source="morgan"
[2026-07-03 20:03:05] INFO  [app] [0mGET /api/timetable [36m304[0m 84.141 ms - -[0m | source="morgan"
[2026-07-03 20:03:05] INFO  [app] [0mGET /api/auth/users [32m200[0m 60.610 ms - 248[0m | source="morgan"
[2026-07-03 20:04:59] INFO  [app] [0mGET /api/academic-years [36m304[0m 87.064 ms - -[0m | source="morgan"
[2026-07-03 20:04:59] INFO  [app] [0mGET /api/teachers [32m200[0m 94.947 ms - 791[0m | source="morgan"
[2026-07-03 20:04:59] INFO  [app] [0mGET /api/classes [32m200[0m 167.341 ms - 1348[0m | source="morgan"
[2026-07-03 20:04:59] INFO  [app] [0mGET /api/students [32m200[0m 172.456 ms - 1926[0m | source="morgan"
[2026-07-03 20:04:59] INFO  [app] [0mGET /api/fees/invoices [36m304[0m 196.057 ms - -[0m | source="morgan"
[2026-07-03 20:04:59] INFO  [app] [0mGET /api/dashboard?rangeDays=30 [32m200[0m 410.297 ms - 393[0m | source="morgan"
[2026-07-03 20:04:59] INFO  [app] [0mGET /api/attendance [36m304[0m 105.049 ms - -[0m | source="morgan"
[2026-07-03 20:04:59] INFO  [app] [0mGET /api/exams/results [36m304[0m 55.117 ms - -[0m | source="morgan"
[2026-07-03 20:04:59] INFO  [app] [0mGET /api/payroll [36m304[0m 178.224 ms - -[0m | source="morgan"
[2026-07-03 20:04:59] INFO  [app] [0mGET /api/exams [36m304[0m 110.526 ms - -[0m | source="morgan"
[2026-07-03 20:04:59] INFO  [app] [0mGET /api/timetable [36m304[0m 148.264 ms - -[0m | source="morgan"
[2026-07-03 20:04:59] INFO  [app] [0mGET /api/auth/users [32m200[0m 116.965 ms - 1370[0m | source="morgan"
[2026-07-03 20:06:22] INFO  [app] [0mPOST /api/auth/login [32m200[0m 830.634 ms - 423[0m | source="morgan"
[2026-07-03 20:06:22] INFO  [app] [0mGET /api/academic-years [36m304[0m 15.616 ms - -[0m | source="morgan"
[2026-07-03 20:06:22] INFO  [app] [0mGET /api/dashboard?rangeDays=30 [32m200[0m 118.226 ms - 384[0m | source="morgan"
[2026-07-03 20:06:23] INFO  [app] [0mGET /api/classes [32m200[0m 106.245 ms - 449[0m | source="morgan"
[2026-07-03 20:06:23] INFO  [app] [0mGET /api/teachers [32m200[0m 17.807 ms - 403[0m | source="morgan"
[2026-07-03 20:06:23] INFO  [app] [0mGET /api/students [32m200[0m 45.408 ms - 970[0m | source="morgan"
[2026-07-03 20:06:23] INFO  [app] [0mGET /api/attendance [36m304[0m 36.953 ms - -[0m | source="morgan"
[2026-07-03 20:06:23] INFO  [app] [0mGET /api/exams [36m304[0m 18.198 ms - -[0m | source="morgan"
[2026-07-03 20:06:23] INFO  [app] [0mGET /api/exams/results [36m304[0m 16.765 ms - -[0m | source="morgan"
[2026-07-03 20:06:23] INFO  [app] [0mGET /api/timetable [32m200[0m 59.864 ms - 2[0m | source="morgan"
[2026-07-03 20:07:10] INFO  [app] [0mPOST /api/auth/login [33m401[0m 802.767 ms - 39[0m | source="morgan"
[2026-07-03 20:07:23] INFO  [app] [0mPOST /api/auth/login [32m200[0m 783.682 ms - 423[0m | source="morgan"
[2026-07-03 20:07:23] INFO  [app] [0mGET /api/dashboard?rangeDays=30 [32m200[0m 94.019 ms - 384[0m | source="morgan"
[2026-07-03 20:07:23] INFO  [app] [0mGET /api/academic-years [36m304[0m 10.469 ms - -[0m | source="morgan"
[2026-07-03 20:07:23] INFO  [app] [0mGET /api/students [36m304[0m 19.290 ms - -[0m | source="morgan"
[2026-07-03 20:07:23] INFO  [app] [0mGET /api/fees/invoices [32m200[0m 13.466 ms - 2[0m | source="morgan"
[2026-07-03 20:07:23] INFO  [app] [0mGET /api/attendance [36m304[0m 18.831 ms - -[0m | source="morgan"
[2026-07-03 20:07:23] INFO  [app] [0mGET /api/timetable [36m304[0m 13.874 ms - -[0m | source="morgan"
[2026-07-03 20:07:23] INFO  [app] [0mGET /api/exams [36m304[0m 12.445 ms - -[0m | source="morgan"
[2026-07-03 20:07:23] INFO  [app] [0mGET /api/exams/results [36m304[0m 10.283 ms - -[0m | source="morgan"
[2026-07-03 20:07:50] INFO  [app] [0mGET /api/fees/invoices [36m304[0m 33.647 ms - -[0m | source="morgan"
[2026-07-03 20:07:50] INFO  [app] [0mGET /api/academic-years [36m304[0m 37.204 ms - -[0m | source="morgan"
[2026-07-03 20:07:50] INFO  [app] [0mGET /api/attendance [36m304[0m 69.953 ms - -[0m | source="morgan"
[2026-07-03 20:07:50] INFO  [app] [0mGET /api/students [36m304[0m 113.514 ms - -[0m | source="morgan"
[2026-07-03 20:07:50] INFO  [app] [0mGET /api/dashboard?rangeDays=7 [32m200[0m 142.918 ms - 383[0m | source="morgan"
[2026-07-03 20:07:50] INFO  [app] [0mGET /api/exams [36m304[0m 88.292 ms - -[0m | source="morgan"
[2026-07-03 20:07:50] INFO  [app] [0mGET /api/exams/results [36m304[0m 83.125 ms - -[0m | source="morgan"
[2026-07-03 20:07:50] INFO  [app] [0mGET /api/timetable [36m304[0m 109.599 ms - -[0m | source="morgan"
[2026-07-03 20:07:52] INFO  [app] [0mGET /api/academic-years [36m304[0m 62.023 ms - -[0m | source="morgan"
[2026-07-03 20:07:52] INFO  [app] [0mGET /api/fees/invoices [36m304[0m 53.090 ms - -[0m | source="morgan"
[2026-07-03 20:07:52] INFO  [app] [0mGET /api/attendance [36m304[0m 63.763 ms - -[0m | source="morgan"
[2026-07-03 20:07:52] INFO  [app] [0mGET /api/students [36m304[0m 111.543 ms - -[0m | source="morgan"
[2026-07-03 20:07:52] INFO  [app] [0mGET /api/timetable [36m304[0m 118.288 ms - -[0m | source="morgan"
[2026-07-03 20:07:52] INFO  [app] [0mGET /api/exams [36m304[0m 122.724 ms - -[0m | source="morgan"
[2026-07-03 20:07:52] INFO  [app] [0mGET /api/exams/results [36m304[0m 40.842 ms - -[0m | source="morgan"
[2026-07-03 20:07:52] INFO  [app] [0mGET /api/dashboard?rangeDays=365 [32m200[0m 64.727 ms - 385[0m | source="morgan"
[2026-07-03 20:08:27] INFO  [app] [0mPOST /api/auth/login [32m200[0m 1675.589 ms - 375[0m | source="morgan"
[2026-07-03 20:08:27] INFO  [app] [0mPOST /api/auth/login [32m200[0m 1634.777 ms - 375[0m | source="morgan"
[2026-07-03 20:08:28] INFO  [app] [0mGET /api/teachers [33m403[0m 27.439 ms - 56[0m | source="morgan"
[2026-07-03 20:08:28] INFO  [app] [0mGET /api/academic-years [33m403[0m 40.440 ms - 56[0m | source="morgan"
[2026-07-03 20:08:28] INFO  [app] [0mGET /api/classes [33m403[0m 47.465 ms - 56[0m | source="morgan"
[2026-07-03 20:08:28] INFO  [app] [0mGET /api/attendance [0m-[0m - ms - -[0m | source="morgan"
[2026-07-03 20:08:28] INFO  [app] [0mGET /api/fees/invoices [0m-[0m - ms - -[0m | source="morgan"
[2026-07-03 20:08:28] INFO  [app] [0mGET /api/students [0m-[0m - ms - -[0m | source="morgan"
[2026-07-03 20:08:28] INFO  [app] [0mGET /api/dashboard?rangeDays=365 [36m304[0m 165.987 ms - -[0m | source="morgan"
[2026-07-03 20:08:28] INFO  [app] [0mGET /api/teachers [33m403[0m 22.026 ms - 56[0m | source="morgan"
[2026-07-03 20:08:28] INFO  [app] [0mGET /api/academic-years [33m403[0m 15.089 ms - 56[0m | source="morgan"
[2026-07-03 20:08:28] INFO  [app] [0mGET /api/classes [33m403[0m 19.370 ms - 56[0m | source="morgan"
[2026-07-03 20:08:28] INFO  [app] [0mGET /api/students [0m-[0m - ms - -[0m | source="morgan"
[2026-07-03 20:08:28] INFO  [app] [0mGET /api/dashboard?rangeDays=365 [0m-[0m - ms - -[0m | source="morgan"
[2026-07-03 20:09:15] INFO  [app] [0mPOST /api/auth/login [32m200[0m 790.163 ms - 330[0m | source="morgan"
[2026-07-03 20:09:24] INFO  [app] [0mPOST /api/auth/login [32m200[0m 795.342 ms - 330[0m | source="morgan"
[2026-07-03 20:09:24] INFO  [app] [0mGET /api/academic-years [32m200[0m 43.399 ms - 233[0m | source="morgan"
[2026-07-03 20:09:24] INFO  [app] [0mGET /api/teachers [32m200[0m 118.840 ms - 791[0m | source="morgan"
[2026-07-03 20:09:24] INFO  [app] [0mGET /api/dashboard?rangeDays=365 [32m200[0m 144.717 ms - 394[0m | source="morgan"
[2026-07-03 20:09:24] INFO  [app] [0mGET /api/classes [32m200[0m 150.585 ms - 1348[0m | source="morgan"
[2026-07-03 20:09:24] INFO  [app] [0mGET /api/students [32m200[0m 131.125 ms - 1926[0m | source="morgan"
[2026-07-03 20:09:24] INFO  [app] [0mGET /api/fees/invoices [32m200[0m 140.008 ms - 822[0m | source="morgan"
[2026-07-03 20:09:24] INFO  [app] [0mGET /api/attendance [32m200[0m 143.258 ms - 2[0m | source="morgan"
[2026-07-03 20:09:24] INFO  [app] [0mGET /api/payroll [36m304[0m 161.810 ms - -[0m | source="morgan"
[2026-07-03 20:09:24] INFO  [app] [0mGET /api/exams/results [32m200[0m 45.471 ms - 2[0m | source="morgan"
[2026-07-03 20:09:24] INFO  [app] [0mGET /api/exams [32m200[0m 47.167 ms - 2[0m | source="morgan"
[2026-07-03 20:09:24] INFO  [app] [0mGET /api/auth/users [32m200[0m 71.777 ms - 1493[0m | source="morgan"
[2026-07-03 20:09:24] INFO  [app] [0mGET /api/timetable [32m200[0m 71.989 ms - 389[0m | source="morgan"
[2026-07-03 20:20:43] INFO  [app] [0mGET /api/academic-years [36m304[0m 53.129 ms - -[0m | source="morgan"
[2026-07-03 20:20:43] INFO  [app] [0mGET /api/teachers [36m304[0m 55.008 ms - -[0m | source="morgan"
[2026-07-03 20:20:44] INFO  [app] [0mGET /api/dashboard?rangeDays=30 [32m200[0m 112.444 ms - 393[0m | source="morgan"
[2026-07-03 20:20:44] INFO  [app] [0mGET /api/classes [36m304[0m 112.851 ms - -[0m | source="morgan"
[2026-07-03 20:20:44] INFO  [app] [0mGET /api/students [36m304[0m 122.459 ms - -[0m | source="morgan"
[2026-07-03 20:20:44] INFO  [app] [0mGET /api/attendance [36m304[0m 58.426 ms - -[0m | source="morgan"
[2026-07-03 20:20:44] INFO  [app] [0mGET /api/payroll [36m304[0m 78.840 ms - -[0m | source="morgan"
[2026-07-03 20:20:44] INFO  [app] [0mGET /api/fees/invoices [36m304[0m 177.614 ms - -[0m | source="morgan"
[2026-07-03 20:20:44] INFO  [app] [0mGET /api/exams [36m304[0m 53.296 ms - -[0m | source="morgan"
[2026-07-03 20:20:44] INFO  [app] [0mGET /api/exams/results [36m304[0m 59.811 ms - -[0m | source="morgan"
[2026-07-03 20:20:44] INFO  [app] [0mGET /api/timetable [36m304[0m 83.762 ms - -[0m | source="morgan"
[2026-07-03 20:20:44] INFO  [app] [0mGET /api/auth/users [36m304[0m 44.102 ms - -[0m | source="morgan"
[2026-07-03 20:21:42] INFO  [app] [0mGET /api/academic-years [36m304[0m 47.567 ms - -[0m | source="morgan"
[2026-07-03 20:21:42] INFO  [app] [0mGET /api/teachers [36m304[0m 52.521 ms - -[0m | source="morgan"
[2026-07-03 20:21:42] INFO  [app] [0mGET /api/dashboard?rangeDays=30 [36m304[0m 82.219 ms - -[0m | source="morgan"
[2026-07-03 20:21:42] INFO  [app] [0mGET /api/classes [36m304[0m 96.767 ms - -[0m | source="morgan"
[2026-07-03 20:21:42] INFO  [app] [0mGET /api/students [36m304[0m 105.668 ms - -[0m | source="morgan"
[2026-07-03 20:21:42] INFO  [app] [0mGET /api/fees/invoices [36m304[0m 108.330 ms - -[0m | source="morgan"
[2026-07-03 20:21:42] INFO  [app] [0mGET /api/attendance [36m304[0m 62.863 ms - -[0m | source="morgan"
[2026-07-03 20:21:42] INFO  [app] [0mGET /api/payroll [36m304[0m 99.278 ms - -[0m | source="morgan"
[2026-07-03 20:21:42] INFO  [app] [0mGET /api/exams [36m304[0m 61.505 ms - -[0m | source="morgan"
[2026-07-03 20:21:42] INFO  [app] [0mGET /api/exams/results [36m304[0m 60.590 ms - -[0m | source="morgan"
[2026-07-03 20:21:42] INFO  [app] [0mGET /api/timetable [36m304[0m 133.731 ms - -[0m | source="morgan"
[2026-07-03 20:21:42] INFO  [app] [0mGET /api/auth/users [36m304[0m 159.913 ms - -[0m | source="morgan"
[2026-07-03 20:22:07] INFO  [app] [0mGET /api/academic-years [36m304[0m 47.418 ms - -[0m | source="morgan"
[2026-07-03 20:22:07] INFO  [app] [0mGET /api/teachers [36m304[0m 52.506 ms - -[0m | source="morgan"
[2026-07-03 20:22:07] INFO  [app] [0mGET /api/dashboard?rangeDays=30 [36m304[0m 91.740 ms - -[0m | source="morgan"
[2026-07-03 20:22:07] INFO  [app] [0mGET /api/classes [36m304[0m 114.892 ms - -[0m | source="morgan"
[2026-07-03 20:22:07] INFO  [app] [0mGET /api/students [36m304[0m 126.688 ms - -[0m | source="morgan"
[2026-07-03 20:22:07] INFO  [app] [0mGET /api/fees/invoices [36m304[0m 135.127 ms - -[0m | source="morgan"
[2026-07-03 20:22:07] INFO  [app] [0mGET /api/attendance [36m304[0m 75.376 ms - -[0m | source="morgan"
[2026-07-03 20:22:07] INFO  [app] [0mGET /api/payroll [36m304[0m 135.085 ms - -[0m | source="morgan"
[2026-07-03 20:22:07] INFO  [app] [0mGET /api/exams [36m304[0m 137.442 ms - -[0m | source="morgan"
[2026-07-03 20:22:07] INFO  [app] [0mGET /api/exams/results [36m304[0m 192.288 ms - -[0m | source="morgan"
[2026-07-03 20:22:08] INFO  [app] [0mGET /api/timetable [36m304[0m 258.562 ms - -[0m | source="morgan"
[2026-07-03 20:22:08] INFO  [app] [0mGET /api/auth/users [36m304[0m 307.950 ms - -[0m | source="morgan"
[2026-07-03 20:22:42] INFO  [app] [0mGET /api/academic-years [36m304[0m 39.716 ms - -[0m | source="morgan"
[2026-07-03 20:22:42] INFO  [app] [0mGET /api/teachers [36m304[0m 48.886 ms - -[0m | source="morgan"
[2026-07-03 20:22:42] INFO  [app] [0mGET /api/dashboard?rangeDays=30 [36m304[0m 82.027 ms - -[0m | source="morgan"
[2026-07-03 20:22:42] INFO  [app] [0mGET /api/classes [36m304[0m 105.313 ms - -[0m | source="morgan"
[2026-07-03 20:22:42] INFO  [app] [0mGET /api/students [36m304[0m 113.891 ms - -[0m | source="morgan"
[2026-07-03 20:22:42] INFO  [app] [0mGET /api/fees/invoices [36m304[0m 134.461 ms - -[0m | source="morgan"
[2026-07-03 20:22:42] INFO  [app] [0mGET /api/attendance [36m304[0m 76.122 ms - -[0m | source="morgan"
[2026-07-03 20:22:42] INFO  [app] [0mGET /api/payroll [36m304[0m 111.821 ms - -[0m | source="morgan"
[2026-07-03 20:22:42] INFO  [app] [0mGET /api/exams [36m304[0m 56.729 ms - -[0m | source="morgan"
[2026-07-03 20:22:42] INFO  [app] [0mGET /api/exams/results [36m304[0m 54.388 ms - -[0m | source="morgan"
[2026-07-03 20:22:42] INFO  [app] [0mGET /api/timetable [36m304[0m 89.017 ms - -[0m | source="morgan"
[2026-07-03 20:22:42] INFO  [app] [0mGET /api/auth/users [36m304[0m 80.038 ms - -[0m | source="morgan"
[2026-07-03 20:22:50] INFO  [app] [0mGET /api/dashboard?rangeDays=30 [36m304[0m 245.966 ms - -[0m | source="morgan"
[2026-07-03 20:22:50] INFO  [app] [0mGET /api/academic-years [36m304[0m 330.329 ms - -[0m | source="morgan"
[2026-07-03 20:22:50] INFO  [app] [0mGET /api/fees/invoices [36m304[0m 483.006 ms - -[0m | source="morgan"
[2026-07-03 20:22:50] INFO  [app] [0mGET /api/attendance [36m304[0m 577.514 ms - -[0m | source="morgan"
[2026-07-03 20:22:50] INFO  [app] [0mGET /api/teachers [36m304[0m 609.941 ms - -[0m | source="morgan"
[2026-07-03 20:22:50] INFO  [app] [0mGET /api/classes [36m304[0m 713.845 ms - -[0m | source="morgan"
[2026-07-03 20:22:51] INFO  [app] [0mGET /api/exams/results [36m304[0m 405.144 ms - -[0m | source="morgan"
[2026-07-03 20:22:51] INFO  [app] [0mGET /api/exams [36m304[0m 654.106 ms - -[0m | source="morgan"
[2026-07-03 20:22:51] INFO  [app] [0mGET /api/students [36m304[0m 760.272 ms - -[0m | source="morgan"
[2026-07-03 20:22:51] INFO  [app] [0mGET /api/payroll [36m304[0m 796.052 ms - -[0m | source="morgan"
[2026-07-03 20:22:51] INFO  [app] [0mGET /api/timetable [36m304[0m 821.405 ms - -[0m | source="morgan"
[2026-07-03 20:22:51] INFO  [app] [0mGET /api/auth/users [36m304[0m 638.892 ms - -[0m | source="morgan"
[2026-07-03 20:22:59] INFO  [app] [0mGET /api/academic-years [36m304[0m 69.236 ms - -[0m | source="morgan"
[2026-07-03 20:22:59] INFO  [app] [0mGET /api/teachers [36m304[0m 82.974 ms - -[0m | source="morgan"
[2026-07-03 20:22:59] INFO  [app] [0mGET /api/dashboard?rangeDays=30 [36m304[0m 153.521 ms - -[0m | source="morgan"
[2026-07-03 20:22:59] INFO  [app] [0mGET /api/classes [36m304[0m 158.451 ms - -[0m | source="morgan"
[2026-07-03 20:22:59] INFO  [app] [0mGET /api/students [36m304[0m 164.633 ms - -[0m | source="morgan"
[2026-07-03 20:22:59] INFO  [app] [0mGET /api/fees/invoices [36m304[0m 177.000 ms - -[0m | source="morgan"
[2026-07-03 20:22:59] INFO  [app] [0mGET /api/attendance [36m304[0m 77.160 ms - -[0m | source="morgan"
[2026-07-03 20:22:59] INFO  [app] [0mGET /api/payroll [36m304[0m 106.000 ms - -[0m | source="morgan"
[2026-07-03 20:22:59] INFO  [app] [0mGET /api/exams [36m304[0m 68.413 ms - -[0m | source="morgan"
[2026-07-03 20:22:59] INFO  [app] [0mGET /api/exams/results [36m304[0m 79.274 ms - -[0m | source="morgan"
[2026-07-03 20:22:59] INFO  [app] [0mGET /api/timetable [36m304[0m 136.223 ms - -[0m | source="morgan"
[2026-07-03 20:22:59] INFO  [app] [0mGET /api/auth/users [36m304[0m 123.074 ms - -[0m | source="morgan"
[2026-07-03 20:54:33] INFO  [app] [0mGET /api/academic-years [36m304[0m 267.878 ms - -[0m | source="morgan"
[2026-07-03 20:54:34] INFO  [app] [0mGET /api/teachers [36m304[0m 926.475 ms - -[0m | source="morgan"
[2026-07-03 20:54:34] INFO  [app] [0mGET /api/dashboard?rangeDays=30 [36m304[0m 1139.013 ms - -[0m | source="morgan"
[2026-07-03 20:54:34] INFO  [app] [0mGET /api/students [36m304[0m 1288.894 ms - -[0m | source="morgan"
[2026-07-03 20:54:34] INFO  [app] [0mGET /api/classes [36m304[0m 1449.308 ms - -[0m | source="morgan"
[2026-07-03 20:54:35] INFO  [app] [0mGET /api/fees/invoices [36m304[0m 1490.664 ms - -[0m | source="morgan"
[2026-07-03 20:54:35] INFO  [app] [0mGET /api/payroll [36m304[0m 1465.487 ms - -[0m | source="morgan"
[2026-07-03 20:54:35] INFO  [app] [0mGET /api/attendance [36m304[0m 576.207 ms - -[0m | source="morgan"
[2026-07-03 20:54:35] INFO  [app] [0mGET /api/timetable [36m304[0m 637.222 ms - -[0m | source="morgan"
[2026-07-03 20:54:35] INFO  [app] [0mGET /api/exams [36m304[0m 702.342 ms - -[0m | source="morgan"
[2026-07-03 20:54:35] INFO  [app] [0mGET /api/exams/results [36m304[0m 757.383 ms - -[0m | source="morgan"
[2026-07-03 20:54:36] INFO  [app] [0mGET /api/auth/users [36m304[0m 765.916 ms - -[0m | source="morgan"
[2026-07-03 20:55:17] INFO  [app] [0mGET /api/teachers [36m304[0m 102.840 ms - -[0m | source="morgan"
[2026-07-03 20:55:17] INFO  [app] [0mGET /api/academic-years [36m304[0m 145.634 ms - -[0m | source="morgan"
[2026-07-03 20:55:17] INFO  [app] [0mGET /api/dashboard?rangeDays=30 [36m304[0m 156.959 ms - -[0m | source="morgan"
[2026-07-03 20:55:17] INFO  [app] [0mGET /api/students [36m304[0m 210.595 ms - -[0m | source="morgan"
[2026-07-03 20:55:17] INFO  [app] [0mGET /api/payroll [36m304[0m 194.652 ms - -[0m | source="morgan"
[2026-07-03 20:55:17] INFO  [app] [0mGET /api/fees/invoices [36m304[0m 295.057 ms - -[0m | source="morgan"
[2026-07-03 20:55:17] INFO  [app] [0mGET /api/attendance [36m304[0m 75.555 ms - -[0m | source="morgan"
[2026-07-03 20:55:17] INFO  [app] [0mGET /api/classes [36m304[0m 126.841 ms - -[0m | source="morgan"
[2026-07-03 20:55:17] INFO  [app] [0mGET /api/exams [36m304[0m 63.021 ms - -[0m | source="morgan"
[2026-07-03 20:55:17] INFO  [app] [0mGET /api/exams/results [36m304[0m 74.293 ms - -[0m | source="morgan"
[2026-07-03 20:55:17] INFO  [app] [0mGET /api/timetable [36m304[0m 119.626 ms - -[0m | source="morgan"
[2026-07-03 20:55:17] INFO  [app] [0mGET /api/auth/users [36m304[0m 88.454 ms - -[0m | source="morgan"
[2026-07-03 21:30:16] INFO  [app] [0mGET /api/academic-years [36m304[0m 73.094 ms - -[0m | source="morgan"
[2026-07-03 21:30:16] INFO  [app] [0mGET /api/teachers [36m304[0m 77.844 ms - -[0m | source="morgan"
[2026-07-03 21:30:16] INFO  [app] [0mGET /api/fees/invoices [36m304[0m 135.424 ms - -[0m | source="morgan"
[2026-07-03 21:30:16] INFO  [app] [0mGET /api/classes [36m304[0m 138.542 ms - -[0m | source="morgan"
[2026-07-03 21:30:16] INFO  [app] [0mGET /api/students [36m304[0m 149.823 ms - -[0m | source="morgan"
[2026-07-03 21:30:16] INFO  [app] [0mGET /api/dashboard?rangeDays=30 [36m304[0m 208.804 ms - -[0m | source="morgan"
[2026-07-03 21:30:16] INFO  [app] [0mGET /api/attendance [36m304[0m 80.236 ms - -[0m | source="morgan"
[2026-07-03 21:30:16] INFO  [app] [0mGET /api/payroll [36m304[0m 122.962 ms - -[0m | source="morgan"
[2026-07-03 21:30:16] INFO  [app] [0mGET /api/exams/results [36m304[0m 67.139 ms - -[0m | source="morgan"
[2026-07-03 21:30:16] INFO  [app] [0mGET /api/exams [36m304[0m 113.110 ms - -[0m | source="morgan"
[2026-07-03 21:30:16] INFO  [app] [0mGET /api/timetable [36m304[0m 151.077 ms - -[0m | source="morgan"
[2026-07-03 21:30:16] INFO  [app] [0mGET /api/auth/users [36m304[0m 119.876 ms - -[0m | source="morgan"
[2026-07-03 21:30:17] INFO  [app] [0mGET /api/academic-years [36m304[0m 52.364 ms - -[0m | source="morgan"
[2026-07-03 21:30:17] INFO  [app] [0mGET /api/teachers [36m304[0m 56.314 ms - -[0m | source="morgan"
[2026-07-03 21:30:17] INFO  [app] [0mGET /api/classes [36m304[0m 105.728 ms - -[0m | source="morgan"
[2026-07-03 21:30:17] INFO  [app] [0mGET /api/students [36m304[0m 114.649 ms - -[0m | source="morgan"
[2026-07-03 21:30:17] INFO  [app] [0mGET /api/dashboard?rangeDays=30 [36m304[0m 163.133 ms - -[0m | source="morgan"
[2026-07-03 21:30:17] INFO  [app] [0mGET /api/attendance [36m304[0m 57.538 ms - -[0m | source="morgan"
[2026-07-03 21:30:17] INFO  [app] [0mGET /api/fees/invoices [36m304[0m 169.406 ms - -[0m | source="morgan"
[2026-07-03 21:30:17] INFO  [app] [0mGET /api/payroll [36m304[0m 99.899 ms - -[0m | source="morgan"
[2026-07-03 21:30:17] INFO  [app] [0mGET /api/exams [36m304[0m 70.576 ms - -[0m | source="morgan"
[2026-07-03 21:30:17] INFO  [app] [0mGET /api/timetable [36m304[0m 93.827 ms - -[0m | source="morgan"
[2026-07-03 21:30:17] INFO  [app] [0mGET /api/exams/results [36m304[0m 54.956 ms - -[0m | source="morgan"
[2026-07-03 21:30:17] INFO  [app] [0mGET /api/auth/users [36m304[0m 54.875 ms - -[0m | source="morgan"
[2026-07-03 21:31:40] INFO  [app] [0mPOST /api/exams/generate [32m201[0m 69.509 ms - 4437[0m | source="morgan"
[2026-07-03 21:31:40] INFO  [app] [0mGET /api/dashboard?rangeDays=30 [32m200[0m 14.058 ms - 393[0m | source="morgan"
[2026-07-03 21:31:40] INFO  [app] [0mGET /api/academic-years [36m304[0m 8.370 ms - -[0m | source="morgan"
[2026-07-03 21:31:41] INFO  [app] [0mGET /api/classes [36m304[0m 32.101 ms - -[0m | source="morgan"
[2026-07-03 21:31:41] INFO  [app] [0mGET /api/teachers [36m304[0m 9.691 ms - -[0m | source="morgan"
[2026-07-03 21:31:41] INFO  [app] [0mGET /api/students [36m304[0m 25.643 ms - -[0m | source="morgan"
[2026-07-03 21:31:41] INFO  [app] [0mGET /api/payroll [36m304[0m 21.786 ms - -[0m | source="morgan"
[2026-07-03 21:31:41] INFO  [app] [0mGET /api/fees/invoices [36m304[0m 25.271 ms - -[0m | source="morgan"
[2026-07-03 21:31:41] INFO  [app] [0mGET /api/attendance [36m304[0m 11.935 ms - -[0m | source="morgan"
[2026-07-03 21:31:41] INFO  [app] [0mGET /api/timetable [36m304[0m 20.523 ms - -[0m | source="morgan"
[2026-07-03 21:31:41] INFO  [app] [0mGET /api/exams [32m200[0m 34.940 ms - 4499[0m | source="morgan"
[2026-07-03 21:31:41] INFO  [app] [0mGET /api/exams/results [36m304[0m 26.250 ms - -[0m | source="morgan"
[2026-07-03 21:31:41] INFO  [app] [0mGET /api/auth/users [36m304[0m 17.631 ms - -[0m | source="morgan"
[2026-07-03 21:31:53] INFO  [app] [0mPOST /api/exams/6a47dce4742225d332840ecb/publish [32m200[0m 20.150 ms - 4482[0m | source="morgan"
[2026-07-03 21:31:53] INFO  [app] [0mGET /api/academic-years [36m304[0m 21.598 ms - -[0m | source="morgan"
[2026-07-03 21:31:53] INFO  [app] [0mGET /api/teachers [36m304[0m 26.918 ms - -[0m | source="morgan"
[2026-07-03 21:31:53] INFO  [app] [0mGET /api/dashboard?rangeDays=30 [36m304[0m 49.810 ms - -[0m | source="morgan"
[2026-07-03 21:31:53] INFO  [app] [0mGET /api/classes [36m304[0m 58.521 ms - -[0m | source="morgan"
[2026-07-03 21:31:53] INFO  [app] [0mGET /api/attendance [36m304[0m 59.224 ms - -[0m | source="morgan"
[2026-07-03 21:31:53] INFO  [app] [0mGET /api/students [36m304[0m 105.259 ms - -[0m | source="morgan"
[2026-07-03 21:31:53] INFO  [app] [0mGET /api/fees/invoices [36m304[0m 95.863 ms - -[0m | source="morgan"
[2026-07-03 21:31:53] INFO  [app] [0mGET /api/payroll [36m304[0m 99.866 ms - -[0m | source="morgan"
[2026-07-03 21:31:53] INFO  [app] [0mGET /api/exams/results [36m304[0m 29.872 ms - -[0m | source="morgan"
[2026-07-03 21:31:53] INFO  [app] [0mGET /api/timetable [36m304[0m 45.607 ms - -[0m | source="morgan"
[2026-07-03 21:31:53] INFO  [app] [0mGET /api/exams [32m200[0m 52.837 ms - 4544[0m | source="morgan"
[2026-07-03 21:31:53] INFO  [app] [0mGET /api/auth/users [36m304[0m 50.556 ms - -[0m | source="morgan"
[2026-07-03 21:31:58] INFO  [app] [0mGET /api/exams/6a47dce4742225d332840ecb/report [32m200[0m 17.079 ms - 4630[0m | source="morgan"
[2026-07-03 21:32:01] INFO  [app] [0mGET /api/exams/6a47dce4742225d332840ecb/report [36m304[0m 15.892 ms - -[0m | source="morgan"
[2026-07-03 21:32:36] INFO  [app] [0mPOST /api/auth/login [32m200[0m 694.656 ms - 423[0m | source="morgan"
[2026-07-03 21:32:36] INFO  [app] [0mGET /api/academic-years [36m304[0m 11.902 ms - -[0m | source="morgan"
[2026-07-03 21:32:36] INFO  [app] [0mGET /api/dashboard?rangeDays=30 [32m200[0m 41.320 ms - 384[0m | source="morgan"
[2026-07-03 21:32:36] INFO  [app] [0mGET /api/students [32m200[0m 38.228 ms - 970[0m | source="morgan"
[2026-07-03 21:32:36] INFO  [app] [0mGET /api/fees/invoices [32m200[0m 27.808 ms - 2[0m | source="morgan"
[2026-07-03 21:32:36] INFO  [app] [0mGET /api/attendance [36m304[0m 15.824 ms - -[0m | source="morgan"
[2026-07-03 21:32:36] INFO  [app] [0mGET /api/timetable [32m200[0m 23.348 ms - 2[0m | source="morgan"
[2026-07-03 21:32:36] INFO  [app] [0mGET /api/exams/results [36m304[0m 17.164 ms - -[0m | source="morgan"
[2026-07-03 21:32:36] INFO  [app] [0mGET /api/exams [32m200[0m 34.567 ms - 3213[0m | source="morgan"
[2026-07-03 21:32:47] INFO  [app] [0mPOST /api/exams/6a47dce4742225d332840ecb/start [32m200[0m 19.196 ms - 4206[0m | source="morgan"
[2026-07-03 21:34:44] INFO  [app] [0mPOST /api/exams/6a47dce4742225d332840ecb/submit [32m200[0m 30.974 ms - 1790[0m | source="morgan"
[2026-07-03 21:34:44] INFO  [app] [0mGET /api/dashboard?rangeDays=30 [32m200[0m 30.401 ms - 2312[0m | source="morgan"
[2026-07-03 21:34:44] INFO  [app] [0mGET /api/academic-years [36m304[0m 9.646 ms - -[0m | source="morgan"
[2026-07-03 21:34:44] INFO  [app] [0mGET /api/students [36m304[0m 22.611 ms - -[0m | source="morgan"
[2026-07-03 21:34:44] INFO  [app] [0mGET /api/fees/invoices [36m304[0m 10.005 ms - -[0m | source="morgan"
[2026-07-03 21:34:44] INFO  [app] [0mGET /api/attendance [36m304[0m 11.338 ms - -[0m | source="morgan"
[2026-07-03 21:34:44] INFO  [app] [0mGET /api/timetable [36m304[0m 11.760 ms - -[0m | source="morgan"
[2026-07-03 21:34:44] INFO  [app] [0mGET /api/exams [36m304[0m 32.638 ms - -[0m | source="morgan"
[2026-07-03 21:34:44] INFO  [app] [0mGET /api/exams/results [32m200[0m 24.876 ms - 2163[0m | source="morgan"
[2026-07-03 21:35:08] INFO  [app] [0mGET /api/students/6a47c8888e8d402c7ba583ae/profile [32m200[0m 62.321 ms - 1957[0m | source="morgan"
[2026-07-03 21:39:19] INFO  [app] [0mPOST /api/auth/login [32m200[0m 642.040 ms - 423[0m | source="morgan"
[2026-07-03 21:39:19] INFO  [app] [0mGET /api/academic-years [36m304[0m 11.268 ms - -[0m | source="morgan"
[2026-07-03 21:39:19] INFO  [app] [0mGET /api/dashboard?rangeDays=30 [36m304[0m 44.629 ms - -[0m | source="morgan"
[2026-07-03 21:39:19] INFO  [app] [0mGET /api/students [36m304[0m 40.904 ms - -[0m | source="morgan"
[2026-07-03 21:39:19] INFO  [app] [0mGET /api/fees/invoices [36m304[0m 18.383 ms - -[0m | source="morgan"
[2026-07-03 21:39:19] INFO  [app] [0mGET /api/attendance [36m304[0m 12.732 ms - -[0m | source="morgan"
[2026-07-03 21:39:19] INFO  [app] [0mGET /api/timetable [36m304[0m 20.706 ms - -[0m | source="morgan"
[2026-07-03 21:39:19] INFO  [app] [0mGET /api/exams [36m304[0m 31.724 ms - -[0m | source="morgan"
[2026-07-03 21:39:19] INFO  [app] [0mGET /api/exams/results [36m304[0m 35.813 ms - -[0m | source="morgan"
[2026-07-03 21:39:26] INFO  [app] [0mGET /api/academic-years [36m304[0m 20.287 ms - -[0m | source="morgan"
[2026-07-03 21:39:26] INFO  [app] [0mGET /api/fees/invoices [36m304[0m 22.937 ms - -[0m | source="morgan"
[2026-07-03 21:39:26] INFO  [app] [0mGET /api/students [36m304[0m 51.664 ms - -[0m | source="morgan"
[2026-07-03 21:39:26] INFO  [app] [0mGET /api/dashboard?rangeDays=7 [32m200[0m 88.383 ms - 2311[0m | source="morgan"
[2026-07-03 21:39:26] INFO  [app] [0mGET /api/attendance [36m304[0m 48.788 ms - -[0m | source="morgan"
[2026-07-03 21:39:26] INFO  [app] [0mGET /api/timetable [36m304[0m 64.843 ms - -[0m | source="morgan"
[2026-07-03 21:39:26] INFO  [app] [0mGET /api/exams [36m304[0m 71.557 ms - -[0m | source="morgan"
[2026-07-03 21:39:26] INFO  [app] [0mGET /api/exams/results [36m304[0m 53.761 ms - -[0m | source="morgan"
[2026-07-03 21:40:05] INFO  [app] [0mPOST /api/auth/login [33m401[0m 640.003 ms - 39[0m | source="morgan"
[2026-07-03 21:40:21] INFO  [app] [0mPOST /api/auth/login [32m200[0m 645.028 ms - 375[0m | source="morgan"
[2026-07-03 21:40:21] INFO  [app] [0mGET /api/dashboard?rangeDays=7 [36m304[0m 29.396 ms - -[0m | source="morgan"
[2026-07-03 21:40:21] INFO  [app] [0mGET /api/academic-years [33m403[0m 5.059 ms - 56[0m | source="morgan"
[2026-07-03 21:40:21] INFO  [app] [0mGET /api/classes [33m403[0m 7.080 ms - 56[0m | source="morgan"
[2026-07-03 21:40:21] INFO  [app] [0mGET /api/teachers [33m403[0m 4.926 ms - 56[0m | source="morgan"
[2026-07-03 21:40:21] INFO  [app] [0mGET /api/students [0m-[0m - ms - -[0m | source="morgan"
[2026-07-03 21:40:51] INFO  [app] [0mGET /api/academic-years [33m403[0m 22.771 ms - 56[0m | source="morgan"
[2026-07-03 21:40:51] INFO  [app] [0mGET /api/classes [33m403[0m 21.261 ms - 56[0m | source="morgan"
[2026-07-03 21:40:51] INFO  [app] [0mGET /api/fees/invoices [32m200[0m 48.551 ms - 2[0m | source="morgan"
[2026-07-03 21:40:51] INFO  [app] [0mGET /api/attendance [0m-[0m - ms - -[0m | source="morgan"
[2026-07-03 21:40:51] INFO  [app] [0mGET /api/teachers [33m403[0m 40.091 ms - 56[0m | source="morgan"
[2026-07-03 21:40:51] INFO  [app] [0mGET /api/students [32m200[0m 87.652 ms - 970[0m | source="morgan"
[2026-07-03 21:40:51] INFO  [app] [0mGET /api/dashboard?rangeDays=7 [0m-[0m - ms - -[0m | source="morgan"
[2026-07-03 21:41:05] INFO  [app] [0mGET /api/students/6a47c8888e8d402c7ba583ae/profile [36m304[0m 39.778 ms - -[0m | source="morgan"
[2026-07-03 21:41:48] INFO  [app] [0mGET /api/students/6a47c8888e8d402c7ba583ae/profile [36m304[0m 27.192 ms - -[0m | source="morgan"
